2024-06-12 20:36:59 [main] INFO  c.gotravel.server.ServerApplication - Starting ServerApplication using Java 17.0.10 with PID 18864 (C:\Users\bleik\Desktop\TFG-DAM\GoTravelServidor\target\classes started by bleik in C:\Users\bleik\Desktop\TFG-DAM\GoTravelServidor)
2024-06-12 20:36:59 [main] INFO  c.gotravel.server.ServerApplication - No active profile set, falling back to 1 default profile: "default"
2024-06-12 20:37:00 [main] INFO  o.s.d.r.c.RepositoryConfigurationDelegate - Bootstrapping Spring Data JPA repositories in DEFAULT mode.
2024-06-12 20:37:00 [main] INFO  o.s.d.r.c.RepositoryConfigurationDelegate - Finished Spring Data repository scanning in 144 ms. Found 12 JPA repository interfaces.
2024-06-12 20:37:01 [main] INFO  o.h.jpa.internal.util.LogHelper - HHH000204: Processing PersistenceUnitInfo [name: default]
2024-06-12 20:37:01 [main] INFO  org.hibernate.Version - HHH000412: Hibernate ORM core version 6.4.4.Final
2024-06-12 20:37:02 [main] INFO  o.h.c.i.RegionFactoryInitiator - HHH000026: Second-level cache disabled
2024-06-12 20:37:02 [main] INFO  o.s.o.j.p.SpringPersistenceUnitInfo - No LoadTimeWeaver setup: ignoring JPA class transformer
2024-06-12 20:37:02 [main] INFO  com.zaxxer.hikari.HikariDataSource - HikariPool-1 - Starting...
2024-06-12 20:37:02 [main] INFO  com.zaxxer.hikari.pool.HikariPool - HikariPool-1 - Added connection com.mysql.cj.jdbc.ConnectionImpl@5b1c32e4
2024-06-12 20:37:02 [main] INFO  com.zaxxer.hikari.HikariDataSource - HikariPool-1 - Start completed.
2024-06-12 20:37:04 [main] INFO  o.h.e.t.j.p.i.JtaPlatformInitiator - HHH000489: No JTA platform available (set 'hibernate.transaction.jta.platform' to enable JTA platform integration)
2024-06-12 20:37:04 [main] INFO  o.s.o.j.LocalContainerEntityManagerFactoryBean - Initialized JPA EntityManagerFactory for persistence unit 'default'
2024-06-12 20:37:05 [main] INFO  o.s.d.j.r.query.QueryEnhancerFactory - Hibernate is in classpath; If applicable, HQL parser will be used.
2024-06-12 20:37:05 [main] INFO  c.gotravel.server.ServerApplication - Started ServerApplication in 6.518 seconds (process running for 7.826)
2024-06-12 20:37:39 [main] INFO  c.gotravel.server.ServerApplication - Se ha conectado un usuario
2024-06-12 20:37:53 [Thread-1] INFO  c.gotravel.server.ServerApplication - Se ha desconectado un usuario: 27
2024-06-12 20:39:03 [main] INFO  c.gotravel.server.ServerApplication - Se ha conectado un usuario
2024-06-12 20:39:41 [Thread-3] INFO  c.gotravel.server.ServerApplication - Se ha desconectado un usuario: 28
2024-06-12 20:41:32 [main] INFO  c.gotravel.server.ServerApplication - Se ha conectado un usuario
2024-06-12 20:41:37 [main] INFO  c.gotravel.server.ServerApplication - Se ha conectado un usuario
2024-06-12 20:41:40 [Thread-5] WARN  c.gotravel.server.ServerApplication - Se ha interrumpido la conexion con un usuario: 27
2024-06-12 20:42:46 [Thread-6] WARN  c.gotravel.server.ServerApplication - Se ha interrumpido la conexion con un usuario: 27
2024-06-12 20:43:13 [main] INFO  c.gotravel.server.ServerApplication - Se ha conectado un usuario
2024-06-12 20:43:36 [Thread-8] INFO  c.gotravel.server.ServerApplication - Se ha desconectado un usuario: 27
2024-06-12 20:47:45 [main] INFO  c.gotravel.server.ServerApplication - Se ha conectado un usuario
2024-06-12 20:49:01 [Thread-10] INFO  c.gotravel.server.ServerApplication - Se ha desconectado un usuario: 28
2024-06-12 20:49:30 [SpringApplicationShutdownHook] INFO  o.s.o.j.LocalContainerEntityManagerFactoryBean - Closing JPA EntityManagerFactory for persistence unit 'default'
2024-06-12 20:49:30 [SpringApplicationShutdownHook] INFO  com.zaxxer.hikari.HikariDataSource - HikariPool-1 - Shutdown initiated...
2024-06-12 20:49:30 [SpringApplicationShutdownHook] INFO  com.zaxxer.hikari.HikariDataSource - HikariPool-1 - Shutdown completed.
