2024-06-03 08:38:04 [main] INFO  c.gotravel.server.ServerApplication - Starting ServerApplication using Java 17.0.10 with PID 17872 (C:\Users\bleik\Desktop\TFG-DAM\GoTravelServidor\target\classes started by bleik in C:\Users\bleik\Desktop\TFG-DAM\GoTravelServidor)
2024-06-03 08:38:04 [main] INFO  c.gotravel.server.ServerApplication - No active profile set, falling back to 1 default profile: "default"
2024-06-03 08:38:05 [main] INFO  o.s.d.r.c.RepositoryConfigurationDelegate - Bootstrapping Spring Data JPA repositories in DEFAULT mode.
2024-06-03 08:38:05 [main] INFO  o.s.d.r.c.RepositoryConfigurationDelegate - Finished Spring Data repository scanning in 153 ms. Found 12 JPA repository interfaces.
2024-06-03 08:38:06 [main] INFO  o.h.jpa.internal.util.LogHelper - HHH000204: Processing PersistenceUnitInfo [name: default]
2024-06-03 08:38:07 [main] INFO  org.hibernate.Version - HHH000412: Hibernate ORM core version 6.4.4.Final
2024-06-03 08:38:07 [main] INFO  o.h.c.i.RegionFactoryInitiator - HHH000026: Second-level cache disabled
2024-06-03 08:38:07 [main] INFO  o.s.o.j.p.SpringPersistenceUnitInfo - No LoadTimeWeaver setup: ignoring JPA class transformer
2024-06-03 08:38:07 [main] INFO  com.zaxxer.hikari.HikariDataSource - HikariPool-1 - Starting...
2024-06-03 08:38:08 [main] INFO  com.zaxxer.hikari.pool.HikariPool - HikariPool-1 - Added connection com.mysql.cj.jdbc.ConnectionImpl@f882465
2024-06-03 08:38:08 [main] INFO  com.zaxxer.hikari.HikariDataSource - HikariPool-1 - Start completed.
2024-06-03 08:38:10 [main] INFO  o.h.e.t.j.p.i.JtaPlatformInitiator - HHH000489: No JTA platform available (set 'hibernate.transaction.jta.platform' to enable JTA platform integration)
2024-06-03 08:38:10 [main] INFO  o.s.o.j.LocalContainerEntityManagerFactoryBean - Initialized JPA EntityManagerFactory for persistence unit 'default'
2024-06-03 08:38:11 [main] INFO  o.s.d.j.r.query.QueryEnhancerFactory - Hibernate is in classpath; If applicable, HQL parser will be used.
2024-06-03 08:38:12 [main] INFO  c.gotravel.server.ServerApplication - Started ServerApplication in 8.755 seconds (process running for 9.604)
2024-06-03 08:40:17 [main] INFO  c.gotravel.server.ServerApplication - Se ha conectado un usuario
2024-06-03 08:48:05 [Thread-1] WARN  c.gotravel.server.ServerApplication - Se ha interrumpido la conexion con un usuario
2024-06-03 09:08:33 [main] INFO  c.gotravel.server.ServerApplication - Se ha conectado un usuario
2024-06-03 09:08:36 [Thread-3] INFO  c.gotravel.server.ServerApplication - Se ha desconectado un usuario
2024-06-03 09:09:55 [main] INFO  c.gotravel.server.ServerApplication - Se ha conectado un usuario
2024-06-03 09:13:27 [Thread-5] INFO  c.gotravel.server.ServerApplication - Se ha desconectado un usuario
2024-06-03 09:13:52 [main] INFO  c.gotravel.server.ServerApplication - Se ha conectado un usuario
2024-06-03 09:16:58 [Thread-7] WARN  c.gotravel.server.ServerApplication - Se ha interrumpido la conexion con un usuario
2024-06-03 09:17:19 [HikariPool-1 housekeeper] WARN  com.zaxxer.hikari.pool.HikariPool - HikariPool-1 - Thread starvation or clock leap detected (housekeeper delta=1m40s177ms975µs800ns).
2024-06-03 09:18:30 [main] INFO  c.gotravel.server.ServerApplication - Se ha conectado un usuario
2024-06-03 09:21:57 [Thread-8] WARN  c.gotravel.server.ServerApplication - Se ha interrumpido la conexion con un usuario
2024-06-03 09:26:41 [SpringApplicationShutdownHook] INFO  o.s.o.j.LocalContainerEntityManagerFactoryBean - Closing JPA EntityManagerFactory for persistence unit 'default'
2024-06-03 09:26:41 [SpringApplicationShutdownHook] INFO  com.zaxxer.hikari.HikariDataSource - HikariPool-1 - Shutdown initiated...
2024-06-03 09:26:41 [SpringApplicationShutdownHook] INFO  com.zaxxer.hikari.HikariDataSource - HikariPool-1 - Shutdown completed.
