2024-06-12 17:43:12 [main] INFO  c.gotravel.server.ServerApplication - Starting ServerApplication using Java 17.0.10 with PID 5656 (C:\Users\bleik\Desktop\TFG-DAM\GoTravelServidor\target\classes started by bleik in C:\Users\bleik\Desktop\TFG-DAM\GoTravelServidor)
2024-06-12 17:43:12 [main] INFO  c.gotravel.server.ServerApplication - No active profile set, falling back to 1 default profile: "default"
2024-06-12 17:43:13 [main] INFO  o.s.d.r.c.RepositoryConfigurationDelegate - Bootstrapping Spring Data JPA repositories in DEFAULT mode.
2024-06-12 17:43:13 [main] INFO  o.s.d.r.c.RepositoryConfigurationDelegate - Finished Spring Data repository scanning in 229 ms. Found 12 JPA repository interfaces.
2024-06-12 17:43:14 [main] INFO  o.h.jpa.internal.util.LogHelper - HHH000204: Processing PersistenceUnitInfo [name: default]
2024-06-12 17:43:14 [main] INFO  org.hibernate.Version - HHH000412: Hibernate ORM core version 6.4.4.Final
2024-06-12 17:43:14 [main] INFO  o.h.c.i.RegionFactoryInitiator - HHH000026: Second-level cache disabled
2024-06-12 17:43:15 [main] INFO  o.s.o.j.p.SpringPersistenceUnitInfo - No LoadTimeWeaver setup: ignoring JPA class transformer
2024-06-12 17:43:15 [main] INFO  com.zaxxer.hikari.HikariDataSource - HikariPool-1 - Starting...
2024-06-12 17:43:15 [main] INFO  com.zaxxer.hikari.pool.HikariPool - HikariPool-1 - Added connection com.mysql.cj.jdbc.ConnectionImpl@65da01f4
2024-06-12 17:43:15 [main] INFO  com.zaxxer.hikari.HikariDataSource - HikariPool-1 - Start completed.
2024-06-12 17:43:18 [main] INFO  o.h.e.t.j.p.i.JtaPlatformInitiator - HHH000489: No JTA platform available (set 'hibernate.transaction.jta.platform' to enable JTA platform integration)
2024-06-12 17:43:18 [main] INFO  o.s.o.j.LocalContainerEntityManagerFactoryBean - Initialized JPA EntityManagerFactory for persistence unit 'default'
2024-06-12 17:43:21 [main] INFO  o.s.d.j.r.query.QueryEnhancerFactory - Hibernate is in classpath; If applicable, HQL parser will be used.
2024-06-12 17:43:22 [main] INFO  c.gotravel.server.ServerApplication - Started ServerApplication in 11.413 seconds (process running for 13.527)
2024-06-12 17:43:46 [main] INFO  c.gotravel.server.ServerApplication - Se ha conectado un usuario
2024-06-12 17:44:34 [main] INFO  c.gotravel.server.ServerApplication - Se ha conectado un usuario
2024-06-12 17:46:37 [Thread-1] WARN  c.gotravel.server.ServerApplication - Se ha interrumpido la conexion con un usuario: 27
2024-06-12 17:47:03 [main] INFO  c.gotravel.server.ServerApplication - Se ha conectado un usuario
2024-06-12 17:49:10 [Thread-3] WARN  o.h.e.jdbc.spi.SqlExceptionHelper - SQL Error: 1048, SQLState: 23000
2024-06-12 17:49:10 [Thread-3] ERROR o.h.e.jdbc.spi.SqlExceptionHelper - Column 'id_etapa' cannot be null
2024-06-12 17:49:10 [Thread-3] ERROR c.gotravel.server.ServerApplication - Error: could not execute statement [Column 'id_etapa' cannot be null] [insert into contratacion (id_etapa,fecha,id_pago,id_servicio,id_usuario,id_contratacion) values (?,?,?,?,?,?)]; SQL [insert into contratacion (id_etapa,fecha,id_pago,id_servicio,id_usuario,id_contratacion) values (?,?,?,?,?,?)]; constraint [null]
2024-06-12 17:49:59 [SpringApplicationShutdownHook] INFO  o.s.o.j.LocalContainerEntityManagerFactoryBean - Closing JPA EntityManagerFactory for persistence unit 'default'
2024-06-12 17:49:59 [SpringApplicationShutdownHook] INFO  com.zaxxer.hikari.HikariDataSource - HikariPool-1 - Shutdown initiated...
2024-06-12 17:49:59 [SpringApplicationShutdownHook] INFO  com.zaxxer.hikari.HikariDataSource - HikariPool-1 - Shutdown completed.
